<?xml version="1.0" encoding="UTF-8"?>
<coverage generated="1735339186063" clover="3.2.0">
  <project timestamp="1735339186063" name="All files">
    <metrics statements="212" coveredstatements="183" conditionals="126" coveredconditionals="112" methods="38" coveredmethods="36" elements="376" coveredelements="331" complexity="0" loc="212" ncloc="212" packages="6" files="10" classes="10"/>
    <package name="components.Layout">
      <metrics statements="5" coveredstatements="5" conditionals="0" coveredconditionals="0" methods="1" coveredmethods="1"/>
      <file name="Layout.tsx" path="/home/blu_ai/frontend/packages/common/src/components/Layout/Layout.tsx">
        <metrics statements="5" coveredstatements="5" conditionals="0" coveredconditionals="0" methods="1" coveredmethods="1"/>
        <line num="1" count="1" type="stmt"/>
        <line num="2" count="1" type="stmt"/>
        <line num="3" count="1" type="stmt"/>
        <line num="9" count="1" type="stmt"/>
        <line num="10" count="4" type="stmt"/>
      </file>
    </package>
    <package name="components.ProtectedRoute">
      <metrics statements="17" coveredstatements="17" conditionals="20" coveredconditionals="20" methods="2" coveredmethods="2"/>
      <file name="ProtectedRoute.tsx" path="/home/blu_ai/frontend/packages/common/src/components/ProtectedRoute/ProtectedRoute.tsx">
        <metrics statements="17" coveredstatements="17" conditionals="20" coveredconditionals="20" methods="2" coveredmethods="2"/>
        <line num="1" count="1" type="stmt"/>
        <line num="2" count="1" type="stmt"/>
        <line num="3" count="1" type="stmt"/>
        <line num="4" count="1" type="stmt"/>
        <line num="11" count="1" type="stmt"/>
        <line num="12" count="6" type="stmt"/>
        <line num="13" count="6" type="stmt"/>
        <line num="15" count="6" type="stmt"/>
        <line num="16" count="6" type="cond" truecount="3" falsecount="0"/>
        <line num="17" count="1" type="stmt"/>
        <line num="20" count="6" type="cond" truecount="8" falsecount="0"/>
        <line num="21" count="2" type="stmt"/>
        <line num="25" count="6" type="cond" truecount="1" falsecount="0"/>
        <line num="26" count="1" type="stmt"/>
        <line num="40" count="5" type="cond" truecount="8" falsecount="0"/>
        <line num="41" count="3" type="stmt"/>
        <line num="44" count="2" type="stmt"/>
      </file>
    </package>
    <package name="components.forms">
      <metrics statements="64" coveredstatements="64" conditionals="52" coveredconditionals="48" methods="10" coveredmethods="10"/>
      <file name="LoginForm.tsx" path="/home/blu_ai/frontend/packages/common/src/components/forms/LoginForm.tsx">
        <metrics statements="23" coveredstatements="23" conditionals="18" coveredconditionals="15" methods="4" coveredmethods="4"/>
        <line num="1" count="1" type="stmt"/>
        <line num="2" count="1" type="stmt"/>
        <line num="3" count="1" type="stmt"/>
        <line num="10" count="1" type="stmt"/>
        <line num="11" count="69" type="stmt"/>
        <line num="12" count="69" type="stmt"/>
        <line num="13" count="69" type="stmt"/>
        <line num="14" count="69" type="stmt"/>
        <line num="15" count="69" type="stmt"/>
        <line num="17" count="69" type="stmt"/>
        <line num="18" count="3" type="stmt"/>
        <line num="19" count="3" type="stmt"/>
        <line num="20" count="3" type="stmt"/>
        <line num="22" count="3" type="stmt"/>
        <line num="23" count="3" type="stmt"/>
        <line num="24" count="1" type="cond" truecount="3" falsecount="1"/>
        <line num="26" count="1" type="cond" truecount="1" falsecount="1"/>
        <line num="29" count="1" type="stmt"/>
        <line num="30" count="1" type="cond" truecount="3" falsecount="1"/>
        <line num="32" count="2" type="stmt"/>
        <line num="36" count="69" type="stmt"/>
        <line num="49" count="24" type="stmt"/>
        <line num="63" count="35" type="stmt"/>
      </file>
      <file name="RegisterForm.tsx" path="/home/blu_ai/frontend/packages/common/src/components/forms/RegisterForm.tsx">
        <metrics statements="41" coveredstatements="41" conditionals="34" coveredconditionals="33" methods="6" coveredmethods="6"/>
        <line num="1" count="1" type="stmt"/>
        <line num="2" count="1" type="stmt"/>
        <line num="3" count="1" type="stmt"/>
        <line num="20" count="1" type="stmt"/>
        <line num="21" count="30" type="stmt"/>
        <line num="22" count="30" type="stmt"/>
        <line num="28" count="30" type="stmt"/>
        <line num="29" count="30" type="stmt"/>
        <line num="31" count="30" type="stmt"/>
        <line num="32" count="7" type="stmt"/>
        <line num="34" count="7" type="cond" truecount="1" falsecount="0"/>
        <line num="35" count="5" type="stmt"/>
        <line num="38" count="7" type="cond" truecount="2" falsecount="0"/>
        <line num="39" count="4" type="stmt"/>
        <line num="40" count="3" type="cond" truecount="1" falsecount="0"/>
        <line num="41" count="1" type="stmt"/>
        <line num="44" count="7" type="cond" truecount="2" falsecount="0"/>
        <line num="45" count="3" type="stmt"/>
        <line num="46" count="4" type="cond" truecount="1" falsecount="0"/>
        <line num="47" count="1" type="stmt"/>
        <line num="50" count="7" type="cond" truecount="2" falsecount="0"/>
        <line num="51" count="4" type="stmt"/>
        <line num="52" count="3" type="cond" truecount="1" falsecount="0"/>
        <line num="53" count="1" type="stmt"/>
        <line num="56" count="7" type="stmt"/>
        <line num="57" count="7" type="stmt"/>
        <line num="60" count="30" type="stmt"/>
        <line num="61" count="13" type="stmt"/>
        <line num="62" count="13" type="stmt"/>
        <line num="67" count="13" type="cond" truecount="1" falsecount="0"/>
        <line num="68" count="1" type="stmt"/>
        <line num="75" count="30" type="stmt"/>
        <line num="76" count="7" type="stmt"/>
        <line num="78" count="7" type="cond" truecount="1" falsecount="0"/>
        <line num="79" count="5" type="stmt"/>
        <line num="82" count="2" type="stmt"/>
        <line num="83" count="2" type="stmt"/>
        <line num="84" count="2" type="stmt"/>
        <line num="90" count="1" type="stmt"/>
        <line num="95" count="2" type="stmt"/>
        <line num="99" count="30" type="stmt"/>
      </file>
    </package>
    <package name="components.layout">
      <metrics statements="19" coveredstatements="19" conditionals="29" coveredconditionals="28" methods="6" coveredmethods="6"/>
      <file name="Header.tsx" path="/home/blu_ai/frontend/packages/common/src/components/layout/Header.tsx">
        <metrics statements="6" coveredstatements="6" conditionals="7" coveredconditionals="7" methods="1" coveredmethods="1"/>
        <line num="1" count="1" type="stmt"/>
        <line num="2" count="1" type="stmt"/>
        <line num="3" count="1" type="stmt"/>
        <line num="12" count="1" type="stmt"/>
        <line num="18" count="8" type="stmt"/>
        <line num="20" count="8" type="stmt"/>
      </file>
      <file name="MainLayout.tsx" path="/home/blu_ai/frontend/packages/common/src/components/layout/MainLayout.tsx">
        <metrics statements="4" coveredstatements="4" conditionals="9" coveredconditionals="9" methods="1" coveredmethods="1"/>
        <line num="1" count="1" type="stmt"/>
        <line num="2" count="1" type="stmt"/>
        <line num="12" count="1" type="stmt"/>
        <line num="19" count="7" type="stmt"/>
      </file>
      <file name="Navigation.tsx" path="/home/blu_ai/frontend/packages/common/src/components/layout/Navigation.tsx">
        <metrics statements="9" coveredstatements="9" conditionals="13" coveredconditionals="12" methods="4" coveredmethods="4"/>
        <line num="1" count="1" type="stmt"/>
        <line num="2" count="1" type="stmt"/>
        <line num="18" count="1" type="stmt"/>
        <line num="23" count="8" type="stmt"/>
        <line num="24" count="2" type="stmt"/>
        <line num="25" count="2" type="cond" truecount="3" falsecount="1"/>
        <line num="28" count="8" type="stmt"/>
        <line num="32" count="24" type="stmt"/>
        <line num="36" count="2" type="stmt"/>
      </file>
    </package>
    <package name="contexts">
      <metrics statements="61" coveredstatements="33" conditionals="12" coveredconditionals="5" methods="7" coveredmethods="5"/>
      <file name="AuthContext.tsx" path="/home/blu_ai/frontend/packages/common/src/contexts/AuthContext.tsx">
        <metrics statements="61" coveredstatements="33" conditionals="12" coveredconditionals="5" methods="7" coveredmethods="5"/>
        <line num="1" count="1" type="stmt"/>
        <line num="2" count="1" type="stmt"/>
        <line num="20" count="1" type="stmt"/>
        <line num="22" count="1" type="stmt"/>
        <line num="23" count="16" type="stmt"/>
        <line num="24" count="16" type="stmt"/>
        <line num="25" count="16" type="stmt"/>
        <line num="27" count="16" type="stmt"/>
        <line num="28" count="6" type="stmt"/>
        <line num="29" count="6" type="stmt"/>
        <line num="30" count="6" type="cond" truecount="0" falsecount="1"/>
        <line num="31" count="0" type="stmt"/>
        <line num="32" count="0" type="stmt"/>
        <line num="33" count="0" type="stmt"/>
        <line num="34" count="0" type="stmt"/>
        <line num="36" count="0" type="stmt"/>
        <line num="37" count="0" type="stmt"/>
        <line num="38" count="0" type="stmt"/>
        <line num="41" count="6" type="stmt"/>
        <line num="44" count="6" type="stmt"/>
        <line num="47" count="16" type="stmt"/>
        <line num="48" count="2" type="stmt"/>
        <line num="49" count="2" type="stmt"/>
        <line num="50" count="2" type="stmt"/>
        <line num="51" count="1" type="cond" truecount="4" falsecount="2"/>
        <line num="52" count="1" type="stmt"/>
        <line num="53" count="1" type="stmt"/>
        <line num="54" count="1" type="stmt"/>
        <line num="56" count="0" type="stmt"/>
        <line num="59" count="1" type="stmt"/>
        <line num="60" count="1" type="stmt"/>
        <line num="61" count="1" type="stmt"/>
        <line num="62" count="1" type="cond" truecount="1" falsecount="1"/>
        <line num="64" count="2" type="stmt"/>
        <line num="68" count="16" type="stmt"/>
        <line num="69" count="0" type="stmt"/>
        <line num="70" count="0" type="stmt"/>
        <line num="71" count="0" type="stmt"/>
        <line num="72" count="0" type="stmt"/>
        <line num="73" count="0" type="stmt"/>
        <line num="74" count="0" type="stmt"/>
        <line num="76" count="0" type="stmt"/>
        <line num="77" count="0" type="stmt"/>
        <line num="78" count="0" type="stmt"/>
        <line num="79" count="0" type="cond" truecount="0" falsecount="2"/>
        <line num="81" count="0" type="stmt"/>
        <line num="85" count="16" type="stmt"/>
        <line num="86" count="0" type="stmt"/>
        <line num="87" count="0" type="stmt"/>
        <line num="88" count="0" type="stmt"/>
        <line num="90" count="0" type="stmt"/>
        <line num="92" count="0" type="stmt"/>
        <line num="93" count="0" type="stmt"/>
        <line num="94" count="0" type="stmt"/>
        <line num="95" count="0" type="stmt"/>
        <line num="99" count="16" type="stmt"/>
        <line num="106" count="1" type="stmt"/>
        <line num="107" count="16" type="stmt"/>
        <line num="108" count="16" type="cond" truecount="0" falsecount="1"/>
        <line num="109" count="0" type="stmt"/>
        <line num="111" count="16" type="stmt"/>
      </file>
    </package>
    <package name="services.api">
      <metrics statements="46" coveredstatements="45" conditionals="13" coveredconditionals="11" methods="12" coveredmethods="12"/>
      <file name="auth.ts" path="/home/blu_ai/frontend/packages/common/src/services/api/auth.ts">
        <metrics statements="11" coveredstatements="11" conditionals="0" coveredconditionals="0" methods="5" coveredmethods="5"/>
        <line num="1" count="1" type="stmt"/>
        <line num="28" count="1" type="stmt"/>
        <line num="30" count="1" type="stmt"/>
        <line num="31" count="1" type="stmt"/>
        <line num="35" count="1" type="stmt"/>
        <line num="36" count="1" type="stmt"/>
        <line num="40" count="1" type="stmt"/>
        <line num="44" count="1" type="stmt"/>
        <line num="45" count="1" type="stmt"/>
        <line num="49" count="1" type="stmt"/>
        <line num="50" count="1" type="stmt"/>
      </file>
      <file name="client.ts" path="/home/blu_ai/frontend/packages/common/src/services/api/client.ts">
        <metrics statements="35" coveredstatements="34" conditionals="13" coveredconditionals="11" methods="7" coveredmethods="7"/>
        <line num="1" count="2" type="stmt"/>
        <line num="3" count="2" type="stmt"/>
        <line num="4" count="8" type="stmt"/>
        <line num="5" count="8" type="stmt"/>
        <line num="6" count="8" type="stmt"/>
        <line num="10" count="2" type="stmt"/>
        <line num="12" count="2" type="stmt"/>
        <line num="13" count="16" type="stmt"/>
        <line num="16" count="2" type="stmt"/>
        <line num="17" count="16" type="cond" truecount="1" falsecount="0"/>
        <line num="18" count="1" type="stmt"/>
        <line num="21" count="15" type="stmt"/>
        <line num="28" count="15" type="stmt"/>
        <line num="29" count="3" type="cond" truecount="1" falsecount="0"/>
        <line num="30" count="2" type="stmt"/>
        <line num="33" count="3" type="stmt"/>
        <line num="35" count="3" type="stmt"/>
        <line num="36" count="3" type="stmt"/>
        <line num="37" count="2" type="cond" truecount="1" falsecount="0"/>
        <line num="38" count="1" type="stmt"/>
        <line num="41" count="1" type="stmt"/>
        <line num="44" count="3" type="stmt"/>
        <line num="47" count="15" type="stmt"/>
        <line num="48" count="1" type="stmt"/>
        <line num="50" count="6" type="cond" truecount="1" falsecount="0"/>
        <line num="51" count="4" type="cond" truecount="1" falsecount="0"/>
        <line num="52" count="1" type="stmt"/>
        <line num="53" count="1" type="stmt"/>
        <line num="55" count="0" type="stmt"/>
        <line num="57" count="1" type="stmt"/>
        <line num="59" count="4" type="stmt"/>
        <line num="64" count="2" type="cond" truecount="1" falsecount="1"/>
        <line num="68" count="15" type="stmt"/>
        <line num="71" count="2" type="stmt"/>
        <line num="72" count="1" type="stmt"/>
      </file>
    </package>
  </project>
</coverage>
