{"/home/blu_ai/frontend/packages/common/src/components/Layout/Layout.tsx": {"path":"/home/blu_ai/frontend/packages/common/src/components/Layout/Layout.tsx","statementMap":{"0":{"start":{"line":1,"column":0},"end":{"line":1,"column":26}},"1":{"start":{"line":2,"column":0},"end":{"line":2,"column":75}},"2":{"start":{"line":3,"column":0},"end":{"line":3,"column":43}},"3":{"start":{"line":9,"column":45},"end":{"line":26,"column":1}},"4":{"start":{"line":10,"column":2},"end":{"line":25,"column":4}},"5":{"start":{"line":9,"column":13},"end":{"line":9,"column":45}}},"fnMap":{"0":{"name":"(anonymous_1)","decl":{"start":{"line":9,"column":45},"end":{"line":9,"column":46}},"loc":{"start":{"line":9,"column":62},"end":{"line":26,"column":1}}}},"branchMap":{},"s":{"0":1,"1":1,"2":1,"3":1,"4":4,"5":1},"f":{"0":4},"b":{}}
,"/home/blu_ai/frontend/packages/common/src/components/ProtectedRoute/ProtectedRoute.tsx": {"path":"/home/blu_ai/frontend/packages/common/src/components/ProtectedRoute/ProtectedRoute.tsx","statementMap":{"0":{"start":{"line":11,"column":0},"end":{"line":11,"column":16}},"1":{"start":{"line":1,"column":0},"end":{"line":1,"column":41}},"2":{"start":{"line":2,"column":0},"end":{"line":2,"column":40}},"3":{"start":{"line":3,"column":0},"end":{"line":3,"column":53}},"4":{"start":{"line":4,"column":0},"end":{"line":4,"column":54}},"5":{"start":{"line":12,"column":45},"end":{"line":12,"column":54}},"6":{"start":{"line":13,"column":17},"end":{"line":13,"column":28}},"7":{"start":{"line":15,"column":2},"end":{"line":23,"column":61}},"8":{"start":{"line":16,"column":4},"end":{"line":18,"column":5}},"9":{"start":{"line":17,"column":6},"end":{"line":17,"column":62}},"10":{"start":{"line":20,"column":4},"end":{"line":22,"column":5}},"11":{"start":{"line":21,"column":6},"end":{"line":21,"column":38}},"12":{"start":{"line":25,"column":2},"end":{"line":38,"column":3}},"13":{"start":{"line":26,"column":4},"end":{"line":37,"column":6}},"14":{"start":{"line":40,"column":2},"end":{"line":42,"column":3}},"15":{"start":{"line":41,"column":4},"end":{"line":41,"column":16}},"16":{"start":{"line":44,"column":2},"end":{"line":44,"column":25}}},"fnMap":{"0":{"name":"ProtectedRoute","decl":{"start":{"line":11,"column":16},"end":{"line":11,"column":30}},"loc":{"start":{"line":11,"column":78},"end":{"line":45,"column":1}}},"1":{"name":"(anonymous_10)","decl":{"start":{"line":15,"column":12},"end":{"line":15,"column":15}},"loc":{"start":{"line":15,"column":17},"end":{"line":23,"column":3}}}},"branchMap":{"0":{"loc":{"start":{"line":16,"column":4},"end":{"line":18,"column":5}},"type":"if","locations":[{"start":{"line":16,"column":4},"end":{"line":18,"column":5}}]},"1":{"loc":{"start":{"line":16,"column":8},"end":{"line":16,"column":36}},"type":"binary-expr","locations":[{"start":{"line":16,"column":8},"end":{"line":16,"column":16}},{"start":{"line":16,"column":20},"end":{"line":16,"column":36}}]},"2":{"loc":{"start":{"line":20,"column":4},"end":{"line":22,"column":5}},"type":"if","locations":[{"start":{"line":20,"column":4},"end":{"line":22,"column":5}}]},"3":{"loc":{"start":{"line":20,"column":8},"end":{"line":20,"column":63}},"type":"binary-expr","locations":[{"start":{"line":20,"column":8},"end":{"line":20,"column":16}},{"start":{"line":20,"column":20},"end":{"line":20,"column":32}},{"start":{"line":20,"column":36},"end":{"line":20,"column":63}}]},"4":{"loc":{"start":{"line":20,"column":36},"end":{"line":20,"column":46}},"type":"cond-expr","locations":[{"start":{"line":20,"column":40},"end":{"line":20,"column":42}},{"start":{"line":20,"column":36},"end":{"line":20,"column":46}}]},"5":{"loc":{"start":{"line":20,"column":36},"end":{"line":20,"column":42}},"type":"binary-expr","locations":[{"start":{"line":20,"column":36},"end":{"line":20,"column":42}},{"start":{"line":20,"column":36},"end":{"line":20,"column":42}}]},"6":{"loc":{"start":{"line":25,"column":2},"end":{"line":38,"column":3}},"type":"if","locations":[{"start":{"line":25,"column":2},"end":{"line":38,"column":3}}]},"7":{"loc":{"start":{"line":40,"column":2},"end":{"line":42,"column":3}},"type":"if","locations":[{"start":{"line":40,"column":2},"end":{"line":42,"column":3}}]},"8":{"loc":{"start":{"line":40,"column":6},"end":{"line":40,"column":71}},"type":"binary-expr","locations":[{"start":{"line":40,"column":6},"end":{"line":40,"column":22}},{"start":{"line":40,"column":27},"end":{"line":40,"column":39}},{"start":{"line":40,"column":43},"end":{"line":40,"column":70}}]},"9":{"loc":{"start":{"line":40,"column":43},"end":{"line":40,"column":53}},"type":"cond-expr","locations":[{"start":{"line":40,"column":47},"end":{"line":40,"column":49}},{"start":{"line":40,"column":43},"end":{"line":40,"column":53}}]},"10":{"loc":{"start":{"line":40,"column":43},"end":{"line":40,"column":49}},"type":"binary-expr","locations":[{"start":{"line":40,"column":43},"end":{"line":40,"column":49}},{"start":{"line":40,"column":43},"end":{"line":40,"column":49}}]}},"s":{"0":1,"1":1,"2":1,"3":1,"4":1,"5":6,"6":6,"7":6,"8":6,"9":1,"10":6,"11":2,"12":6,"13":1,"14":5,"15":3,"16":2},"f":{"0":6,"1":6},"b":{"0":[1],"1":[6,5],"2":[2],"3":[6,5,3],"4":[1,2],"5":[3,2],"6":[1],"7":[3],"8":[5,4,3],"9":[1,2],"10":[3,2]}}
,"/home/blu_ai/frontend/packages/common/src/components/forms/LoginForm.tsx": {"path":"/home/blu_ai/frontend/packages/common/src/components/forms/LoginForm.tsx","statementMap":{"0":{"start":{"line":1,"column":0},"end":{"line":1,"column":40}},"1":{"start":{"line":2,"column":0},"end":{"line":2,"column":53}},"2":{"start":{"line":3,"column":0},"end":{"line":3,"column":53}},"3":{"start":{"line":10,"column":51},"end":{"line":80,"column":1}},"4":{"start":{"line":11,"column":20},"end":{"line":11,"column":29}},"5":{"start":{"line":12,"column":34},"end":{"line":12,"column":46}},"6":{"start":{"line":13,"column":34},"end":{"line":13,"column":46}},"7":{"start":{"line":14,"column":36},"end":{"line":14,"column":51}},"8":{"start":{"line":15,"column":28},"end":{"line":15,"column":57}},"9":{"start":{"line":17,"column":23},"end":{"line":34,"column":3}},"10":{"start":{"line":18,"column":4},"end":{"line":18,"column":23}},"11":{"start":{"line":19,"column":4},"end":{"line":19,"column":19}},"12":{"start":{"line":20,"column":4},"end":{"line":20,"column":23}},"13":{"start":{"line":22,"column":4},"end":{"line":33,"column":5}},"14":{"start":{"line":23,"column":6},"end":{"line":23,"column":38}},"15":{"start":{"line":24,"column":6},"end":{"line":24,"column":20}},"16":{"start":{"line":26,"column":27},"end":{"line":28,"column":40}},"17":{"start":{"line":29,"column":6},"end":{"line":29,"column":29}},"18":{"start":{"line":30,"column":6},"end":{"line":30,"column":30}},"19":{"start":{"line":32,"column":6},"end":{"line":32,"column":26}},"20":{"start":{"line":36,"column":2},"end":{"line":79,"column":4}},"21":{"start":{"line":49,"column":27},"end":{"line":49,"column":54}},"22":{"start":{"line":63,"column":27},"end":{"line":63,"column":54}},"23":{"start":{"line":10,"column":13},"end":{"line":10,"column":51}}},"fnMap":{"0":{"name":"(anonymous_9)","decl":{"start":{"line":10,"column":51},"end":{"line":10,"column":52}},"loc":{"start":{"line":10,"column":78},"end":{"line":80,"column":1}}},"1":{"name":"(anonymous_10)","decl":{"start":{"line":17,"column":23},"end":{"line":17,"column":28}},"loc":{"start":{"line":17,"column":52},"end":{"line":34,"column":3}}},"2":{"name":"(anonymous_11)","decl":{"start":{"line":49,"column":20},"end":{"line":49,"column":21}},"loc":{"start":{"line":49,"column":27},"end":{"line":49,"column":54}}},"3":{"name":"(anonymous_12)","decl":{"start":{"line":63,"column":20},"end":{"line":63,"column":21}},"loc":{"start":{"line":63,"column":27},"end":{"line":63,"column":54}}}},"branchMap":{"0":{"loc":{"start":{"line":24,"column":6},"end":{"line":24,"column":19}},"type":"cond-expr","locations":[{"start":{"line":24,"column":15},"end":{"line":24,"column":19}},{"start":{"line":24,"column":6},"end":{"line":24,"column":19}}]},"1":{"loc":{"start":{"line":24,"column":6},"end":{"line":24,"column":19}},"type":"binary-expr","locations":[{"start":{"line":24,"column":6},"end":{"line":24,"column":19}},{"start":{"line":24,"column":6},"end":{"line":24,"column":19}}]},"2":{"loc":{"start":{"line":26,"column":27},"end":{"line":28,"column":40}},"type":"cond-expr","locations":[{"start":{"line":27,"column":10},"end":{"line":27,"column":21}},{"start":{"line":28,"column":10},"end":{"line":28,"column":40}}]},"3":{"loc":{"start":{"line":30,"column":6},"end":{"line":30,"column":29}},"type":"cond-expr","locations":[{"start":{"line":30,"column":13},"end":{"line":30,"column":16}},{"start":{"line":30,"column":6},"end":{"line":30,"column":29}}]},"4":{"loc":{"start":{"line":30,"column":6},"end":{"line":30,"column":16}},"type":"binary-expr","locations":[{"start":{"line":30,"column":6},"end":{"line":30,"column":16}},{"start":{"line":30,"column":6},"end":{"line":30,"column":16}}]},"5":{"loc":{"start":{"line":38,"column":7},"end":{"line":41,"column":null}},"type":"binary-expr","locations":[{"start":{"line":38,"column":7},"end":{"line":38,"column":12}},{"start":{"line":39,"column":8},"end":{"line":40,"column":null}}]},"6":{"loc":{"start":{"line":53,"column":24},"end":{"line":53,"column":48}},"type":"cond-expr","locations":[{"start":{"line":53,"column":32},"end":{"line":53,"column":38}},{"start":{"line":53,"column":41},"end":{"line":53,"column":48}}]},"7":{"loc":{"start":{"line":67,"column":24},"end":{"line":67,"column":48}},"type":"cond-expr","locations":[{"start":{"line":67,"column":32},"end":{"line":67,"column":38}},{"start":{"line":67,"column":41},"end":{"line":67,"column":48}}]},"8":{"loc":{"start":{"line":76,"column":9},"end":{"line":76,"column":47}},"type":"cond-expr","locations":[{"start":{"line":76,"column":21},"end":{"line":76,"column":36}},{"start":{"line":76,"column":39},"end":{"line":76,"column":47}}]}},"s":{"0":1,"1":1,"2":1,"3":1,"4":69,"5":69,"6":69,"7":69,"8":69,"9":69,"10":3,"11":3,"12":3,"13":3,"14":3,"15":1,"16":1,"17":1,"18":1,"19":2,"20":69,"21":24,"22":35,"23":1},"f":{"0":69,"1":3,"2":24,"3":35},"b":{"0":[0,1],"1":[1,1],"2":[1,0],"3":[0,1],"4":[1,1],"5":[69,1],"6":[1,68],"7":[1,68],"8":[3,66]}}
,"/home/blu_ai/frontend/packages/common/src/components/forms/RegisterForm.tsx": {"path":"/home/blu_ai/frontend/packages/common/src/components/forms/RegisterForm.tsx","statementMap":{"0":{"start":{"line":1,"column":0},"end":{"line":1,"column":40}},"1":{"start":{"line":2,"column":0},"end":{"line":2,"column":53}},"2":{"start":{"line":3,"column":0},"end":{"line":3,"column":21}},"3":{"start":{"line":20,"column":38},"end":{"line":196,"column":1}},"4":{"start":{"line":21,"column":23},"end":{"line":21,"column":32}},"5":{"start":{"line":22,"column":34},"end":{"line":27,"column":4}},"6":{"start":{"line":28,"column":30},"end":{"line":28,"column":54}},"7":{"start":{"line":29,"column":36},"end":{"line":29,"column":51}},"8":{"start":{"line":31,"column":23},"end":{"line":58,"column":3}},"9":{"start":{"line":32,"column":34},"end":{"line":32,"column":36}},"10":{"start":{"line":34,"column":4},"end":{"line":36,"column":5}},"11":{"start":{"line":35,"column":6},"end":{"line":35,"column":50}},"12":{"start":{"line":38,"column":4},"end":{"line":42,"column":5}},"13":{"start":{"line":39,"column":6},"end":{"line":39,"column":44}},"14":{"start":{"line":40,"column":11},"end":{"line":42,"column":5}},"15":{"start":{"line":41,"column":6},"end":{"line":41,"column":43}},"16":{"start":{"line":44,"column":4},"end":{"line":48,"column":5}},"17":{"start":{"line":45,"column":6},"end":{"line":45,"column":50}},"18":{"start":{"line":46,"column":11},"end":{"line":48,"column":5}},"19":{"start":{"line":47,"column":6},"end":{"line":47,"column":68}},"20":{"start":{"line":50,"column":4},"end":{"line":54,"column":5}},"21":{"start":{"line":51,"column":6},"end":{"line":51,"column":65}},"22":{"start":{"line":52,"column":11},"end":{"line":54,"column":5}},"23":{"start":{"line":53,"column":6},"end":{"line":53,"column":59}},"24":{"start":{"line":56,"column":4},"end":{"line":56,"column":25}},"25":{"start":{"line":57,"column":4},"end":{"line":57,"column":47}},"26":{"start":{"line":60,"column":23},"end":{"line":73,"column":3}},"27":{"start":{"line":61,"column":28},"end":{"line":61,"column":36}},"28":{"start":{"line":62,"column":4},"end":{"line":65,"column":8}},"29":{"start":{"line":62,"column":25},"end":{"line":65,"column":6}},"30":{"start":{"line":67,"column":4},"end":{"line":72,"column":5}},"31":{"start":{"line":68,"column":6},"end":{"line":71,"column":10}},"32":{"start":{"line":68,"column":25},"end":{"line":71,"column":8}},"33":{"start":{"line":75,"column":23},"end":{"line":97,"column":3}},"34":{"start":{"line":76,"column":4},"end":{"line":76,"column":23}},"35":{"start":{"line":78,"column":4},"end":{"line":80,"column":5}},"36":{"start":{"line":79,"column":6},"end":{"line":79,"column":13}},"37":{"start":{"line":82,"column":4},"end":{"line":82,"column":23}},"38":{"start":{"line":83,"column":4},"end":{"line":96,"column":5}},"39":{"start":{"line":84,"column":6},"end":{"line":88,"column":8}},"40":{"start":{"line":90,"column":6},"end":{"line":93,"column":9}},"41":{"start":{"line":95,"column":6},"end":{"line":95,"column":26}},"42":{"start":{"line":99,"column":2},"end":{"line":195,"column":4}},"43":{"start":{"line":20,"column":13},"end":{"line":20,"column":38}}},"fnMap":{"0":{"name":"(anonymous_9)","decl":{"start":{"line":20,"column":38},"end":{"line":20,"column":41}},"loc":{"start":{"line":20,"column":43},"end":{"line":196,"column":1}}},"1":{"name":"(anonymous_10)","decl":{"start":{"line":31,"column":23},"end":{"line":31,"column":35}},"loc":{"start":{"line":31,"column":37},"end":{"line":58,"column":3}}},"2":{"name":"(anonymous_11)","decl":{"start":{"line":60,"column":23},"end":{"line":60,"column":24}},"loc":{"start":{"line":60,"column":66},"end":{"line":73,"column":3}}},"3":{"name":"(anonymous_12)","decl":{"start":{"line":62,"column":16},"end":{"line":62,"column":20}},"loc":{"start":{"line":62,"column":25},"end":{"line":65,"column":6}}},"4":{"name":"(anonymous_13)","decl":{"start":{"line":68,"column":16},"end":{"line":68,"column":20}},"loc":{"start":{"line":68,"column":25},"end":{"line":71,"column":8}}},"5":{"name":"(anonymous_14)","decl":{"start":{"line":75,"column":23},"end":{"line":75,"column":28}},"loc":{"start":{"line":75,"column":52},"end":{"line":97,"column":3}}}},"branchMap":{"0":{"loc":{"start":{"line":34,"column":4},"end":{"line":36,"column":5}},"type":"if","locations":[{"start":{"line":34,"column":4},"end":{"line":36,"column":5}}]},"1":{"loc":{"start":{"line":38,"column":4},"end":{"line":42,"column":5}},"type":"if","locations":[{"start":{"line":38,"column":4},"end":{"line":42,"column":5}},{"start":{"line":40,"column":11},"end":{"line":42,"column":5}}]},"2":{"loc":{"start":{"line":40,"column":11},"end":{"line":42,"column":5}},"type":"if","locations":[{"start":{"line":40,"column":11},"end":{"line":42,"column":5}}]},"3":{"loc":{"start":{"line":44,"column":4},"end":{"line":48,"column":5}},"type":"if","locations":[{"start":{"line":44,"column":4},"end":{"line":48,"column":5}},{"start":{"line":46,"column":11},"end":{"line":48,"column":5}}]},"4":{"loc":{"start":{"line":46,"column":11},"end":{"line":48,"column":5}},"type":"if","locations":[{"start":{"line":46,"column":11},"end":{"line":48,"column":5}}]},"5":{"loc":{"start":{"line":50,"column":4},"end":{"line":54,"column":5}},"type":"if","locations":[{"start":{"line":50,"column":4},"end":{"line":54,"column":5}},{"start":{"line":52,"column":11},"end":{"line":54,"column":5}}]},"6":{"loc":{"start":{"line":52,"column":11},"end":{"line":54,"column":5}},"type":"if","locations":[{"start":{"line":52,"column":11},"end":{"line":54,"column":5}}]},"7":{"loc":{"start":{"line":67,"column":4},"end":{"line":72,"column":5}},"type":"if","locations":[{"start":{"line":67,"column":4},"end":{"line":72,"column":5}}]},"8":{"loc":{"start":{"line":78,"column":4},"end":{"line":80,"column":5}},"type":"if","locations":[{"start":{"line":78,"column":4},"end":{"line":80,"column":5}}]},"9":{"loc":{"start":{"line":92,"column":16},"end":{"line":92,"column":78}},"type":"cond-expr","locations":[{"start":{"line":92,"column":41},"end":{"line":92,"column":54}},{"start":{"line":92,"column":57},"end":{"line":92,"column":78}}]},"10":{"loc":{"start":{"line":112,"column":28},"end":{"line":112,"column":74}},"type":"cond-expr","locations":[{"start":{"line":112,"column":46},"end":{"line":112,"column":62}},{"start":{"line":112,"column":65},"end":{"line":112,"column":74}}]},"11":{"loc":{"start":{"line":114,"column":9},"end":{"line":117,"column":null}},"type":"binary-expr","locations":[{"start":{"line":114,"column":9},"end":{"line":114,"column":24}},{"start":{"line":115,"column":10},"end":{"line":116,"column":null}}]},"12":{"loc":{"start":{"line":132,"column":28},"end":{"line":132,"column":68}},"type":"cond-expr","locations":[{"start":{"line":132,"column":43},"end":{"line":132,"column":56}},{"start":{"line":132,"column":59},"end":{"line":132,"column":68}}]},"13":{"loc":{"start":{"line":134,"column":9},"end":{"line":137,"column":null}},"type":"binary-expr","locations":[{"start":{"line":134,"column":9},"end":{"line":134,"column":21}},{"start":{"line":135,"column":10},"end":{"line":136,"column":null}}]},"14":{"loc":{"start":{"line":152,"column":28},"end":{"line":152,"column":74}},"type":"cond-expr","locations":[{"start":{"line":152,"column":46},"end":{"line":152,"column":62}},{"start":{"line":152,"column":65},"end":{"line":152,"column":74}}]},"15":{"loc":{"start":{"line":154,"column":9},"end":{"line":157,"column":null}},"type":"binary-expr","locations":[{"start":{"line":154,"column":9},"end":{"line":154,"column":24}},{"start":{"line":155,"column":10},"end":{"line":156,"column":null}}]},"16":{"loc":{"start":{"line":172,"column":28},"end":{"line":172,"column":89}},"type":"cond-expr","locations":[{"start":{"line":172,"column":53},"end":{"line":172,"column":77}},{"start":{"line":172,"column":80},"end":{"line":172,"column":89}}]},"17":{"loc":{"start":{"line":174,"column":9},"end":{"line":177,"column":null}},"type":"binary-expr","locations":[{"start":{"line":174,"column":9},"end":{"line":174,"column":31}},{"start":{"line":175,"column":10},"end":{"line":176,"column":null}}]},"18":{"loc":{"start":{"line":181,"column":7},"end":{"line":184,"column":null}},"type":"binary-expr","locations":[{"start":{"line":181,"column":7},"end":{"line":181,"column":20}},{"start":{"line":182,"column":8},"end":{"line":183,"column":null}}]},"19":{"loc":{"start":{"line":192,"column":9},"end":{"line":192,"column":61}},"type":"cond-expr","locations":[{"start":{"line":192,"column":21},"end":{"line":192,"column":42}},{"start":{"line":192,"column":45},"end":{"line":192,"column":61}}]}},"s":{"0":1,"1":1,"2":1,"3":1,"4":30,"5":30,"6":30,"7":30,"8":30,"9":7,"10":7,"11":5,"12":7,"13":4,"14":3,"15":1,"16":7,"17":3,"18":4,"19":1,"20":7,"21":4,"22":3,"23":1,"24":7,"25":7,"26":30,"27":13,"28":13,"29":13,"30":13,"31":1,"32":1,"33":30,"34":7,"35":7,"36":5,"37":2,"38":2,"39":2,"40":1,"41":2,"42":30,"43":1},"f":{"0":30,"1":7,"2":13,"3":13,"4":1,"5":7},"b":{"0":[5],"1":[4,3],"2":[1],"3":[3,4],"4":[1],"5":[4,3],"6":[1],"7":[1],"8":[5],"9":[1,0],"10":[5,25],"11":[30,5],"12":[6,24],"13":[30,6],"14":[5,25],"15":[30,5],"16":[6,24],"17":[30,6],"18":[30,1],"19":[2,28]}}
,"/home/blu_ai/frontend/packages/common/src/components/layout/Header.tsx": {"path":"/home/blu_ai/frontend/packages/common/src/components/layout/Header.tsx","statementMap":{"0":{"start":{"line":1,"column":0},"end":{"line":1,"column":26}},"1":{"start":{"line":2,"column":0},"end":{"line":2,"column":53}},"2":{"start":{"line":3,"column":0},"end":{"line":3,"column":22}},"3":{"start":{"line":12,"column":45},"end":{"line":47,"column":1}},"4":{"start":{"line":18,"column":38},"end":{"line":18,"column":47}},"5":{"start":{"line":20,"column":2},"end":{"line":46,"column":4}},"6":{"start":{"line":12,"column":13},"end":{"line":12,"column":45}}},"fnMap":{"0":{"name":"(anonymous_1)","decl":{"start":{"line":12,"column":45},"end":{"line":12,"column":46}},"loc":{"start":{"line":17,"column":5},"end":{"line":47,"column":1}}}},"branchMap":{"0":{"loc":{"start":{"line":13,"column":2},"end":{"line":13,"column":18}},"type":"default-arg","locations":[{"start":{"line":13,"column":10},"end":{"line":13,"column":18}}]},"1":{"loc":{"start":{"line":23,"column":9},"end":{"line":23,"column":59}},"type":"binary-expr","locations":[{"start":{"line":23,"column":9},"end":{"line":23,"column":13}},{"start":{"line":23,"column":17},"end":{"line":23,"column":59}}]},"2":{"loc":{"start":{"line":27,"column":7},"end":{"line":30,"column":null}},"type":"binary-expr","locations":[{"start":{"line":27,"column":7},"end":{"line":27,"column":17}},{"start":{"line":28,"column":8},"end":{"line":29,"column":null}}]},"3":{"loc":{"start":{"line":35,"column":9},"end":{"line":42,"column":null}},"type":"binary-expr","locations":[{"start":{"line":35,"column":9},"end":{"line":35,"column":24}},{"start":{"line":36,"column":10},"end":{"line":39,"column":null}}]}},"s":{"0":1,"1":1,"2":1,"3":1,"4":8,"5":8,"6":1},"f":{"0":8},"b":{"0":[7],"1":[8,1],"2":[8,1],"3":[8,2]}}
,"/home/blu_ai/frontend/packages/common/src/components/layout/MainLayout.tsx": {"path":"/home/blu_ai/frontend/packages/common/src/components/layout/MainLayout.tsx","statementMap":{"0":{"start":{"line":1,"column":0},"end":{"line":1,"column":26}},"1":{"start":{"line":2,"column":0},"end":{"line":2,"column":22}},"2":{"start":{"line":12,"column":53},"end":{"line":37,"column":1}},"3":{"start":{"line":19,"column":2},"end":{"line":36,"column":4}},"4":{"start":{"line":12,"column":13},"end":{"line":12,"column":53}}},"fnMap":{"0":{"name":"(anonymous_1)","decl":{"start":{"line":12,"column":53},"end":{"line":12,"column":54}},"loc":{"start":{"line":18,"column":5},"end":{"line":37,"column":1}}}},"branchMap":{"0":{"loc":{"start":{"line":17,"column":2},"end":{"line":17,"column":19}},"type":"default-arg","locations":[{"start":{"line":17,"column":14},"end":{"line":17,"column":19}}]},"1":{"loc":{"start":{"line":21,"column":7},"end":{"line":21,"column":74}},"type":"binary-expr","locations":[{"start":{"line":21,"column":7},"end":{"line":21,"column":13}},{"start":{"line":21,"column":17},"end":{"line":21,"column":74}}]},"2":{"loc":{"start":{"line":23,"column":9},"end":{"line":23,"column":77}},"type":"binary-expr","locations":[{"start":{"line":23,"column":9},"end":{"line":23,"column":16}},{"start":{"line":23,"column":20},"end":{"line":23,"column":77}}]},"3":{"loc":{"start":{"line":25,"column":11},"end":{"line":30,"column":null}},"type":"cond-expr","locations":[{"start":{"line":26,"column":12},"end":{"line":26,"column":null}},{"start":{"line":30,"column":12},"end":{"line":30,"column":20}}]},"4":{"loc":{"start":{"line":34,"column":7},"end":{"line":34,"column":74}},"type":"binary-expr","locations":[{"start":{"line":34,"column":7},"end":{"line":34,"column":13}},{"start":{"line":34,"column":17},"end":{"line":34,"column":74}}]}},"s":{"0":1,"1":1,"2":1,"3":7,"4":1},"f":{"0":7},"b":{"0":[5],"1":[7,1],"2":[7,1],"3":[2,5],"4":[7,1]}}
,"/home/blu_ai/frontend/packages/common/src/components/layout/Navigation.tsx": {"path":"/home/blu_ai/frontend/packages/common/src/components/layout/Navigation.tsx","statementMap":{"0":{"start":{"line":1,"column":0},"end":{"line":1,"column":26}},"1":{"start":{"line":2,"column":0},"end":{"line":2,"column":22}},"2":{"start":{"line":18,"column":53},"end":{"line":53,"column":1}},"3":{"start":{"line":23,"column":22},"end":{"line":26,"column":3}},"4":{"start":{"line":24,"column":4},"end":{"line":24,"column":23}},"5":{"start":{"line":25,"column":4},"end":{"line":25,"column":23}},"6":{"start":{"line":28,"column":2},"end":{"line":52,"column":4}},"7":{"start":{"line":32,"column":10},"end":{"line":47,"column":null}},"8":{"start":{"line":36,"column":30},"end":{"line":36,"column":55}},"9":{"start":{"line":18,"column":13},"end":{"line":18,"column":53}}},"fnMap":{"0":{"name":"(anonymous_1)","decl":{"start":{"line":18,"column":53},"end":{"line":18,"column":54}},"loc":{"start":{"line":22,"column":5},"end":{"line":53,"column":1}}},"1":{"name":"(anonymous_2)","decl":{"start":{"line":23,"column":22},"end":{"line":23,"column":23}},"loc":{"start":{"line":23,"column":79},"end":{"line":26,"column":3}}},"2":{"name":"(anonymous_3)","decl":{"start":{"line":31,"column":19},"end":{"line":31,"column":20}},"loc":{"start":{"line":32,"column":10},"end":{"line":47,"column":null}}},"3":{"name":"(anonymous_4)","decl":{"start":{"line":36,"column":23},"end":{"line":36,"column":24}},"loc":{"start":{"line":36,"column":30},"end":{"line":36,"column":55}}}},"branchMap":{"0":{"loc":{"start":{"line":20,"column":2},"end":{"line":20,"column":28}},"type":"default-arg","locations":[{"start":{"line":20,"column":16},"end":{"line":20,"column":28}}]},"1":{"loc":{"start":{"line":25,"column":4},"end":{"line":25,"column":22}},"type":"cond-expr","locations":[{"start":{"line":25,"column":14},"end":{"line":25,"column":17}},{"start":{"line":25,"column":4},"end":{"line":25,"column":22}}]},"2":{"loc":{"start":{"line":25,"column":4},"end":{"line":25,"column":17}},"type":"binary-expr","locations":[{"start":{"line":25,"column":4},"end":{"line":25,"column":17}},{"start":{"line":25,"column":4},"end":{"line":25,"column":17}}]},"3":{"loc":{"start":{"line":35,"column":45},"end":{"line":35,"column":92}},"type":"cond-expr","locations":[{"start":{"line":35,"column":61},"end":{"line":35,"column":87}},{"start":{"line":35,"column":90},"end":{"line":35,"column":92}}]},"4":{"loc":{"start":{"line":37,"column":28},"end":{"line":37,"column":62}},"type":"cond-expr","locations":[{"start":{"line":37,"column":44},"end":{"line":37,"column":50}},{"start":{"line":37,"column":53},"end":{"line":37,"column":62}}]},"5":{"loc":{"start":{"line":39,"column":24},"end":{"line":39,"column":48}},"type":"cond-expr","locations":[{"start":{"line":39,"column":42},"end":{"line":39,"column":44}},{"start":{"line":39,"column":47},"end":{"line":39,"column":48}}]},"6":{"loc":{"start":{"line":41,"column":15},"end":{"line":44,"column":null}},"type":"binary-expr","locations":[{"start":{"line":41,"column":15},"end":{"line":41,"column":24}},{"start":{"line":42,"column":16},"end":{"line":43,"column":null}}]}},"s":{"0":1,"1":1,"2":1,"3":8,"4":2,"5":2,"6":8,"7":24,"8":2,"9":1},"f":{"0":8,"1":2,"2":24,"3":2},"b":{"0":[7],"1":[0,2],"2":[2,2],"3":[1,23],"4":[1,23],"5":[1,23],"6":[24,3]}}
,"/home/blu_ai/frontend/packages/common/src/contexts/AuthContext.tsx": {"path":"/home/blu_ai/frontend/packages/common/src/contexts/AuthContext.tsx","statementMap":{"0":{"start":{"line":1,"column":0},"end":{"line":1,"column":78}},"1":{"start":{"line":2,"column":0},"end":{"line":2,"column":47}},"2":{"start":{"line":20,"column":20},"end":{"line":20,"column":73}},"3":{"start":{"line":22,"column":69},"end":{"line":104,"column":1}},"4":{"start":{"line":23,"column":26},"end":{"line":23,"column":53}},"5":{"start":{"line":24,"column":48},"end":{"line":24,"column":63}},"6":{"start":{"line":25,"column":32},"end":{"line":25,"column":46}},"7":{"start":{"line":27,"column":2},"end":{"line":45,"column":9}},"8":{"start":{"line":28,"column":27},"end":{"line":42,"column":5}},"9":{"start":{"line":29,"column":20},"end":{"line":29,"column":49}},"10":{"start":{"line":30,"column":6},"end":{"line":40,"column":7}},"11":{"start":{"line":31,"column":8},"end":{"line":39,"column":9}},"12":{"start":{"line":32,"column":23},"end":{"line":32,"column":41}},"13":{"start":{"line":33,"column":10},"end":{"line":33,"column":24}},"14":{"start":{"line":34,"column":10},"end":{"line":34,"column":35}},"15":{"start":{"line":36,"column":10},"end":{"line":36,"column":43}},"16":{"start":{"line":37,"column":10},"end":{"line":37,"column":24}},"17":{"start":{"line":38,"column":10},"end":{"line":38,"column":36}},"18":{"start":{"line":41,"column":6},"end":{"line":41,"column":24}},"19":{"start":{"line":44,"column":4},"end":{"line":44,"column":21}},"20":{"start":{"line":47,"column":16},"end":{"line":66,"column":3}},"21":{"start":{"line":48,"column":4},"end":{"line":48,"column":21}},"22":{"start":{"line":49,"column":4},"end":{"line":65,"column":5}},"23":{"start":{"line":50,"column":23},"end":{"line":50,"column":66}},"24":{"start":{"line":51,"column":6},"end":{"line":57,"column":7}},"25":{"start":{"line":52,"column":8},"end":{"line":52,"column":54}},"26":{"start":{"line":53,"column":8},"end":{"line":53,"column":31}},"27":{"start":{"line":54,"column":8},"end":{"line":54,"column":33}},"28":{"start":{"line":56,"column":8},"end":{"line":56,"column":56}},"29":{"start":{"line":59,"column":6},"end":{"line":59,"column":39}},"30":{"start":{"line":60,"column":6},"end":{"line":60,"column":20}},"31":{"start":{"line":61,"column":6},"end":{"line":61,"column":32}},"32":{"start":{"line":62,"column":6},"end":{"line":62,"column":71}},"33":{"start":{"line":64,"column":6},"end":{"line":64,"column":24}},"34":{"start":{"line":68,"column":19},"end":{"line":83,"column":3}},"35":{"start":{"line":69,"column":4},"end":{"line":69,"column":21}},"36":{"start":{"line":70,"column":4},"end":{"line":82,"column":5}},"37":{"start":{"line":71,"column":23},"end":{"line":71,"column":76}},"38":{"start":{"line":72,"column":6},"end":{"line":72,"column":52}},"39":{"start":{"line":73,"column":6},"end":{"line":73,"column":29}},"40":{"start":{"line":74,"column":6},"end":{"line":74,"column":31}},"41":{"start":{"line":76,"column":6},"end":{"line":76,"column":39}},"42":{"start":{"line":77,"column":6},"end":{"line":77,"column":20}},"43":{"start":{"line":78,"column":6},"end":{"line":78,"column":32}},"44":{"start":{"line":79,"column":6},"end":{"line":79,"column":78}},"45":{"start":{"line":81,"column":6},"end":{"line":81,"column":24}},"46":{"start":{"line":85,"column":17},"end":{"line":97,"column":3}},"47":{"start":{"line":86,"column":4},"end":{"line":86,"column":21}},"48":{"start":{"line":87,"column":4},"end":{"line":96,"column":5}},"49":{"start":{"line":88,"column":6},"end":{"line":88,"column":29}},"50":{"start":{"line":90,"column":6},"end":{"line":90,"column":44}},"51":{"start":{"line":92,"column":6},"end":{"line":92,"column":39}},"52":{"start":{"line":93,"column":6},"end":{"line":93,"column":20}},"53":{"start":{"line":94,"column":6},"end":{"line":94,"column":32}},"54":{"start":{"line":95,"column":6},"end":{"line":95,"column":24}},"55":{"start":{"line":99,"column":2},"end":{"line":103,"column":4}},"56":{"start":{"line":22,"column":13},"end":{"line":22,"column":69}},"57":{"start":{"line":106,"column":23},"end":{"line":112,"column":1}},"58":{"start":{"line":107,"column":18},"end":{"line":107,"column":41}},"59":{"start":{"line":108,"column":2},"end":{"line":110,"column":3}},"60":{"start":{"line":109,"column":4},"end":{"line":109,"column":67}},"61":{"start":{"line":111,"column":2},"end":{"line":111,"column":17}},"62":{"start":{"line":106,"column":13},"end":{"line":106,"column":23}}},"fnMap":{"0":{"name":"(anonymous_9)","decl":{"start":{"line":22,"column":69},"end":{"line":22,"column":70}},"loc":{"start":{"line":22,"column":86},"end":{"line":104,"column":1}}},"1":{"name":"(anonymous_10)","decl":{"start":{"line":27,"column":12},"end":{"line":27,"column":15}},"loc":{"start":{"line":27,"column":17},"end":{"line":45,"column":3}}},"2":{"name":"(anonymous_11)","decl":{"start":{"line":28,"column":27},"end":{"line":28,"column":32}},"loc":{"start":{"line":28,"column":38},"end":{"line":42,"column":5}}},"3":{"name":"(anonymous_12)","decl":{"start":{"line":47,"column":16},"end":{"line":47,"column":21}},"loc":{"start":{"line":47,"column":61},"end":{"line":66,"column":3}}},"4":{"name":"(anonymous_13)","decl":{"start":{"line":68,"column":19},"end":{"line":68,"column":24}},"loc":{"start":{"line":68,"column":79},"end":{"line":83,"column":3}}},"5":{"name":"(anonymous_14)","decl":{"start":{"line":85,"column":17},"end":{"line":85,"column":22}},"loc":{"start":{"line":85,"column":28},"end":{"line":97,"column":3}}},"6":{"name":"(anonymous_15)","decl":{"start":{"line":106,"column":23},"end":{"line":106,"column":26}},"loc":{"start":{"line":106,"column":28},"end":{"line":112,"column":1}}}},"branchMap":{"0":{"loc":{"start":{"line":30,"column":6},"end":{"line":40,"column":7}},"type":"if","locations":[{"start":{"line":30,"column":6},"end":{"line":40,"column":7}}]},"1":{"loc":{"start":{"line":51,"column":6},"end":{"line":57,"column":7}},"type":"if","locations":[{"start":{"line":51,"column":6},"end":{"line":57,"column":7}},{"start":{"line":55,"column":13},"end":{"line":57,"column":7}}]},"2":{"loc":{"start":{"line":51,"column":10},"end":{"line":51,"column":25}},"type":"cond-expr","locations":[{"start":{"line":51,"column":18},"end":{"line":51,"column":20}},{"start":{"line":51,"column":10},"end":{"line":51,"column":25}}]},"3":{"loc":{"start":{"line":51,"column":10},"end":{"line":51,"column":20}},"type":"binary-expr","locations":[{"start":{"line":51,"column":10},"end":{"line":51,"column":20}},{"start":{"line":51,"column":10},"end":{"line":51,"column":20}}]},"4":{"loc":{"start":{"line":62,"column":12},"end":{"line":62,"column":70}},"type":"cond-expr","locations":[{"start":{"line":62,"column":37},"end":{"line":62,"column":42}},{"start":{"line":62,"column":45},"end":{"line":62,"column":70}}]},"5":{"loc":{"start":{"line":79,"column":12},"end":{"line":79,"column":77}},"type":"cond-expr","locations":[{"start":{"line":79,"column":37},"end":{"line":79,"column":42}},{"start":{"line":79,"column":45},"end":{"line":79,"column":77}}]},"6":{"loc":{"start":{"line":108,"column":2},"end":{"line":110,"column":3}},"type":"if","locations":[{"start":{"line":108,"column":2},"end":{"line":110,"column":3}}]}},"s":{"0":1,"1":1,"2":1,"3":1,"4":16,"5":16,"6":16,"7":16,"8":6,"9":6,"10":6,"11":0,"12":0,"13":0,"14":0,"15":0,"16":0,"17":0,"18":6,"19":6,"20":16,"21":2,"22":2,"23":2,"24":1,"25":1,"26":1,"27":1,"28":0,"29":1,"30":1,"31":1,"32":1,"33":2,"34":16,"35":0,"36":0,"37":0,"38":0,"39":0,"40":0,"41":0,"42":0,"43":0,"44":0,"45":0,"46":16,"47":0,"48":0,"49":0,"50":0,"51":0,"52":0,"53":0,"54":0,"55":16,"56":1,"57":1,"58":16,"59":16,"60":0,"61":16,"62":1},"f":{"0":16,"1":6,"2":6,"3":2,"4":0,"5":0,"6":16},"b":{"0":[0],"1":[1,0],"2":[0,1],"3":[1,1],"4":[1,0],"5":[0,0],"6":[0]}}
,"/home/blu_ai/frontend/packages/common/src/services/api/auth.ts": {"path":"/home/blu_ai/frontend/packages/common/src/services/api/auth.ts","statementMap":{"0":{"start":{"line":1,"column":0},"end":{"line":1,"column":40}},"1":{"start":{"line":28,"column":13},"end":{"line":52,"column":2}},"2":{"start":{"line":30,"column":21},"end":{"line":30,"column":84}},"3":{"start":{"line":31,"column":4},"end":{"line":31,"column":25}},"4":{"start":{"line":35,"column":21},"end":{"line":35,"column":81}},"5":{"start":{"line":36,"column":4},"end":{"line":36,"column":25}},"6":{"start":{"line":40,"column":4},"end":{"line":40,"column":46}},"7":{"start":{"line":44,"column":21},"end":{"line":44,"column":78}},"8":{"start":{"line":45,"column":4},"end":{"line":45,"column":25}},"9":{"start":{"line":49,"column":21},"end":{"line":49,"column":79}},"10":{"start":{"line":50,"column":4},"end":{"line":50,"column":25}}},"fnMap":{"0":{"name":"(anonymous_0)","decl":{"start":{"line":29,"column":12},"end":{"line":29,"column":17}},"loc":{"start":{"line":29,"column":41},"end":{"line":32,"column":3}}},"1":{"name":"(anonymous_1)","decl":{"start":{"line":34,"column":9},"end":{"line":34,"column":14}},"loc":{"start":{"line":34,"column":35},"end":{"line":37,"column":3}}},"2":{"name":"(anonymous_2)","decl":{"start":{"line":39,"column":10},"end":{"line":39,"column":15}},"loc":{"start":{"line":39,"column":21},"end":{"line":41,"column":3}}},"3":{"name":"(anonymous_3)","decl":{"start":{"line":43,"column":16},"end":{"line":43,"column":21}},"loc":{"start":{"line":43,"column":27},"end":{"line":46,"column":3}}},"4":{"name":"(anonymous_4)","decl":{"start":{"line":48,"column":6},"end":{"line":48,"column":11}},"loc":{"start":{"line":48,"column":17},"end":{"line":51,"column":3}}}},"branchMap":{},"s":{"0":1,"1":1,"2":1,"3":1,"4":1,"5":1,"6":1,"7":1,"8":1,"9":1,"10":1},"f":{"0":1,"1":1,"2":1,"3":1,"4":1},"b":{}}
,"/home/blu_ai/frontend/packages/common/src/services/api/client.ts": {"path":"/home/blu_ai/frontend/packages/common/src/services/api/client.ts","statementMap":{"0":{"start":{"line":12,"column":0},"end":{"line":12,"column":16}},"1":{"start":{"line":16,"column":0},"end":{"line":16,"column":16}},"2":{"start":{"line":71,"column":0},"end":{"line":71,"column":16}},"3":{"start":{"line":1,"column":0},"end":{"line":1,"column":87}},"4":{"start":{"line":5,"column":4},"end":{"line":5,"column":19}},"5":{"start":{"line":4,"column":21},"end":{"line":4,"column":36}},"6":{"start":{"line":4,"column":45},"end":{"line":4,"column":60}},"7":{"start":{"line":6,"column":4},"end":{"line":6,"column":27}},"8":{"start":{"line":3,"column":0},"end":{"line":3,"column":13}},"9":{"start":{"line":10,"column":35},"end":{"line":10,"column":39}},"10":{"start":{"line":13,"column":2},"end":{"line":13,"column":16}},"11":{"start":{"line":17,"column":2},"end":{"line":19,"column":3}},"12":{"start":{"line":18,"column":4},"end":{"line":18,"column":18}},"13":{"start":{"line":21,"column":2},"end":{"line":26,"column":5}},"14":{"start":{"line":28,"column":2},"end":{"line":45,"column":5}},"15":{"start":{"line":29,"column":4},"end":{"line":31,"column":5}},"16":{"start":{"line":30,"column":6},"end":{"line":30,"column":42}},"17":{"start":{"line":33,"column":4},"end":{"line":33,"column":59}},"18":{"start":{"line":35,"column":4},"end":{"line":42,"column":5}},"19":{"start":{"line":36,"column":20},"end":{"line":36,"column":49}},"20":{"start":{"line":37,"column":6},"end":{"line":39,"column":7}},"21":{"start":{"line":38,"column":8},"end":{"line":38,"column":63}},"22":{"start":{"line":41,"column":6},"end":{"line":41,"column":60}},"23":{"start":{"line":44,"column":4},"end":{"line":44,"column":18}},"24":{"start":{"line":47,"column":2},"end":{"line":66,"column":4}},"25":{"start":{"line":48,"column":18},"end":{"line":48,"column":26}},"26":{"start":{"line":50,"column":6},"end":{"line":63,"column":7}},"27":{"start":{"line":51,"column":8},"end":{"line":58,"column":9}},"28":{"start":{"line":52,"column":10},"end":{"line":56,"column":11}},"29":{"start":{"line":53,"column":12},"end":{"line":53,"column":45}},"30":{"start":{"line":55,"column":12},"end":{"line":55,"column":72}},"31":{"start":{"line":57,"column":10},"end":{"line":57,"column":47}},"32":{"start":{"line":59,"column":8},"end":{"line":62,"column":10}},"33":{"start":{"line":64,"column":6},"end":{"line":64,"column":59}},"34":{"start":{"line":68,"column":2},"end":{"line":68,"column":16}},"35":{"start":{"line":72,"column":2},"end":{"line":72,"column":27}}},"fnMap":{"0":{"name":"(anonymous_9)","decl":{"start":{"line":4,"column":2},"end":{"line":4,"column":21}},"loc":{"start":{"line":4,"column":60},"end":{"line":7,"column":3}}},"1":{"name":"resetClient","decl":{"start":{"line":12,"column":16},"end":{"line":12,"column":27}},"loc":{"start":{"line":12,"column":27},"end":{"line":14,"column":1}}},"2":{"name":"createApiClient","decl":{"start":{"line":16,"column":16},"end":{"line":16,"column":31}},"loc":{"start":{"line":16,"column":31},"end":{"line":69,"column":1}}},"3":{"name":"(anonymous_12)","decl":{"start":{"line":28,"column":34},"end":{"line":28,"column":35}},"loc":{"start":{"line":28,"column":73},"end":{"line":45,"column":3}}},"4":{"name":"(anonymous_13)","decl":{"start":{"line":48,"column":4},"end":{"line":48,"column":5}},"loc":{"start":{"line":48,"column":18},"end":{"line":48,"column":26}}},"5":{"name":"(anonymous_14)","decl":{"start":{"line":49,"column":4},"end":{"line":49,"column":5}},"loc":{"start":{"line":49,"column":14},"end":{"line":65,"column":5}}},"6":{"name":"getApiClient","decl":{"start":{"line":71,"column":16},"end":{"line":71,"column":28}},"loc":{"start":{"line":71,"column":28},"end":{"line":73,"column":1}}}},"branchMap":{"0":{"loc":{"start":{"line":17,"column":2},"end":{"line":19,"column":3}},"type":"if","locations":[{"start":{"line":17,"column":2},"end":{"line":19,"column":3}}]},"1":{"loc":{"start":{"line":29,"column":4},"end":{"line":31,"column":5}},"type":"if","locations":[{"start":{"line":29,"column":4},"end":{"line":31,"column":5}}]},"2":{"loc":{"start":{"line":37,"column":6},"end":{"line":39,"column":7}},"type":"if","locations":[{"start":{"line":37,"column":6},"end":{"line":39,"column":7}}]},"3":{"loc":{"start":{"line":50,"column":6},"end":{"line":63,"column":7}},"type":"if","locations":[{"start":{"line":50,"column":6},"end":{"line":63,"column":7}}]},"4":{"loc":{"start":{"line":51,"column":8},"end":{"line":58,"column":9}},"type":"if","locations":[{"start":{"line":51,"column":8},"end":{"line":58,"column":9}}]},"5":{"loc":{"start":{"line":60,"column":10},"end":{"line":60,"column":61}},"type":"binary-expr","locations":[{"start":{"line":60,"column":10},"end":{"line":60,"column":38}},{"start":{"line":60,"column":42},"end":{"line":60,"column":61}}]},"6":{"loc":{"start":{"line":60,"column":10},"end":{"line":60,"column":38}},"type":"cond-expr","locations":[{"start":{"line":60,"column":29},"end":{"line":60,"column":31}},{"start":{"line":60,"column":29},"end":{"line":60,"column":38}}]},"7":{"loc":{"start":{"line":60,"column":10},"end":{"line":60,"column":31}},"type":"binary-expr","locations":[{"start":{"line":60,"column":10},"end":{"line":60,"column":31}},{"start":{"line":60,"column":29},"end":{"line":60,"column":31}}]},"8":{"loc":{"start":{"line":64,"column":25},"end":{"line":64,"column":57}},"type":"binary-expr","locations":[{"start":{"line":64,"column":25},"end":{"line":64,"column":38}},{"start":{"line":64,"column":42},"end":{"line":64,"column":57}}]}},"s":{"0":2,"1":2,"2":2,"3":2,"4":8,"5":8,"6":8,"7":8,"8":2,"9":2,"10":16,"11":16,"12":1,"13":15,"14":15,"15":3,"16":2,"17":3,"18":3,"19":3,"20":2,"21":1,"22":1,"23":3,"24":15,"25":1,"26":6,"27":4,"28":1,"29":1,"30":0,"31":1,"32":4,"33":2,"34":15,"35":1},"f":{"0":8,"1":16,"2":16,"3":3,"4":1,"5":6,"6":1},"b":{"0":[1],"1":[2],"2":[1],"3":[4],"4":[1],"5":[4,1],"6":[0,4],"7":[4,4],"8":[2,0]}}
}
