TN:
SF:src/components/Layout/Layout.tsx
FN:9,(anonymous_1)
FNF:1
FNH:1
FNDA:4,(anonymous_1)
DA:1,1
DA:2,1
DA:3,1
DA:9,1
DA:10,4
LF:5
LH:5
BRF:0
BRH:0
end_of_record
TN:
SF:src/components/ProtectedRoute/ProtectedRoute.tsx
FN:11,ProtectedRoute
FN:15,(anonymous_10)
FNF:2
FNH:2
FNDA:6,ProtectedRoute
FNDA:6,(anonymous_10)
DA:1,1
DA:2,1
DA:3,1
DA:4,1
DA:11,1
DA:12,6
DA:13,6
DA:15,6
DA:16,6
DA:17,1
DA:20,6
DA:21,2
DA:25,6
DA:26,1
DA:40,5
DA:41,3
DA:44,2
LF:17
LH:17
BRDA:16,0,0,1
BRDA:16,1,0,6
BRDA:16,1,1,5
BRDA:20,2,0,2
BRDA:20,3,0,6
BRDA:20,3,1,5
BRDA:20,3,2,3
BRDA:20,4,0,1
BRDA:20,4,1,2
BRDA:20,5,0,3
BRDA:20,5,1,2
BRDA:25,6,0,1
BRDA:40,7,0,3
BRDA:40,8,0,5
BRDA:40,8,1,4
BRDA:40,8,2,3
BRDA:40,9,0,1
BRDA:40,9,1,2
BRDA:40,10,0,3
BRDA:40,10,1,2
BRF:20
BRH:20
end_of_record
TN:
SF:src/components/forms/LoginForm.tsx
FN:10,(anonymous_9)
FN:17,(anonymous_10)
FN:49,(anonymous_11)
FN:63,(anonymous_12)
FNF:4
FNH:4
FNDA:69,(anonymous_9)
FNDA:3,(anonymous_10)
FNDA:24,(anonymous_11)
FNDA:35,(anonymous_12)
DA:1,1
DA:2,1
DA:3,1
DA:10,1
DA:11,69
DA:12,69
DA:13,69
DA:14,69
DA:15,69
DA:17,69
DA:18,3
DA:19,3
DA:20,3
DA:22,3
DA:23,3
DA:24,1
DA:26,1
DA:29,1
DA:30,1
DA:32,2
DA:36,69
DA:49,24
DA:63,35
LF:23
LH:23
BRDA:24,0,0,0
BRDA:24,0,1,1
BRDA:24,1,0,1
BRDA:24,1,1,1
BRDA:26,2,0,1
BRDA:26,2,1,0
BRDA:30,3,0,0
BRDA:30,3,1,1
BRDA:30,4,0,1
BRDA:30,4,1,1
BRDA:38,5,0,69
BRDA:38,5,1,1
BRDA:53,6,0,1
BRDA:53,6,1,68
BRDA:67,7,0,1
BRDA:67,7,1,68
BRDA:76,8,0,3
BRDA:76,8,1,66
BRF:18
BRH:15
end_of_record
TN:
SF:src/components/forms/RegisterForm.tsx
FN:20,(anonymous_9)
FN:31,(anonymous_10)
FN:60,(anonymous_11)
FN:62,(anonymous_12)
FN:68,(anonymous_13)
FN:75,(anonymous_14)
FNF:6
FNH:6
FNDA:30,(anonymous_9)
FNDA:7,(anonymous_10)
FNDA:13,(anonymous_11)
FNDA:13,(anonymous_12)
FNDA:1,(anonymous_13)
FNDA:7,(anonymous_14)
DA:1,1
DA:2,1
DA:3,1
DA:20,1
DA:21,30
DA:22,30
DA:28,30
DA:29,30
DA:31,30
DA:32,7
DA:34,7
DA:35,5
DA:38,7
DA:39,4
DA:40,3
DA:41,1
DA:44,7
DA:45,3
DA:46,4
DA:47,1
DA:50,7
DA:51,4
DA:52,3
DA:53,1
DA:56,7
DA:57,7
DA:60,30
DA:61,13
DA:62,13
DA:67,13
DA:68,1
DA:75,30
DA:76,7
DA:78,7
DA:79,5
DA:82,2
DA:83,2
DA:84,2
DA:90,1
DA:95,2
DA:99,30
LF:41
LH:41
BRDA:34,0,0,5
BRDA:38,1,0,4
BRDA:38,1,1,3
BRDA:40,2,0,1
BRDA:44,3,0,3
BRDA:44,3,1,4
BRDA:46,4,0,1
BRDA:50,5,0,4
BRDA:50,5,1,3
BRDA:52,6,0,1
BRDA:67,7,0,1
BRDA:78,8,0,5
BRDA:92,9,0,1
BRDA:92,9,1,0
BRDA:112,10,0,5
BRDA:112,10,1,25
BRDA:114,11,0,30
BRDA:114,11,1,5
BRDA:132,12,0,6
BRDA:132,12,1,24
BRDA:134,13,0,30
BRDA:134,13,1,6
BRDA:152,14,0,5
BRDA:152,14,1,25
BRDA:154,15,0,30
BRDA:154,15,1,5
BRDA:172,16,0,6
BRDA:172,16,1,24
BRDA:174,17,0,30
BRDA:174,17,1,6
BRDA:181,18,0,30
BRDA:181,18,1,1
BRDA:192,19,0,2
BRDA:192,19,1,28
BRF:34
BRH:33
end_of_record
TN:
SF:src/components/layout/Header.tsx
FN:12,(anonymous_1)
FNF:1
FNH:1
FNDA:8,(anonymous_1)
DA:1,1
DA:2,1
DA:3,1
DA:12,1
DA:18,8
DA:20,8
LF:6
LH:6
BRDA:13,0,0,7
BRDA:23,1,0,8
BRDA:23,1,1,1
BRDA:27,2,0,8
BRDA:27,2,1,1
BRDA:35,3,0,8
BRDA:35,3,1,2
BRF:7
BRH:7
end_of_record
TN:
SF:src/components/layout/MainLayout.tsx
FN:12,(anonymous_1)
FNF:1
FNH:1
FNDA:7,(anonymous_1)
DA:1,1
DA:2,1
DA:12,1
DA:19,7
LF:4
LH:4
BRDA:17,0,0,5
BRDA:21,1,0,7
BRDA:21,1,1,1
BRDA:23,2,0,7
BRDA:23,2,1,1
BRDA:25,3,0,2
BRDA:25,3,1,5
BRDA:34,4,0,7
BRDA:34,4,1,1
BRF:9
BRH:9
end_of_record
TN:
SF:src/components/layout/Navigation.tsx
FN:18,(anonymous_1)
FN:23,(anonymous_2)
FN:31,(anonymous_3)
FN:36,(anonymous_4)
FNF:4
FNH:4
FNDA:8,(anonymous_1)
FNDA:2,(anonymous_2)
FNDA:24,(anonymous_3)
FNDA:2,(anonymous_4)
DA:1,1
DA:2,1
DA:18,1
DA:23,8
DA:24,2
DA:25,2
DA:28,8
DA:32,24
DA:36,2
LF:9
LH:9
BRDA:20,0,0,7
BRDA:25,1,0,0
BRDA:25,1,1,2
BRDA:25,2,0,2
BRDA:25,2,1,2
BRDA:35,3,0,1
BRDA:35,3,1,23
BRDA:37,4,0,1
BRDA:37,4,1,23
BRDA:39,5,0,1
BRDA:39,5,1,23
BRDA:41,6,0,24
BRDA:41,6,1,3
BRF:13
BRH:12
end_of_record
TN:
SF:src/contexts/AuthContext.tsx
FN:22,(anonymous_9)
FN:27,(anonymous_10)
FN:28,(anonymous_11)
FN:47,(anonymous_12)
FN:68,(anonymous_13)
FN:85,(anonymous_14)
FN:106,(anonymous_15)
FNF:7
FNH:5
FNDA:16,(anonymous_9)
FNDA:6,(anonymous_10)
FNDA:6,(anonymous_11)
FNDA:2,(anonymous_12)
FNDA:0,(anonymous_13)
FNDA:0,(anonymous_14)
FNDA:16,(anonymous_15)
DA:1,1
DA:2,1
DA:20,1
DA:22,1
DA:23,16
DA:24,16
DA:25,16
DA:27,16
DA:28,6
DA:29,6
DA:30,6
DA:31,0
DA:32,0
DA:33,0
DA:34,0
DA:36,0
DA:37,0
DA:38,0
DA:41,6
DA:44,6
DA:47,16
DA:48,2
DA:49,2
DA:50,2
DA:51,1
DA:52,1
DA:53,1
DA:54,1
DA:56,0
DA:59,1
DA:60,1
DA:61,1
DA:62,1
DA:64,2
DA:68,16
DA:69,0
DA:70,0
DA:71,0
DA:72,0
DA:73,0
DA:74,0
DA:76,0
DA:77,0
DA:78,0
DA:79,0
DA:81,0
DA:85,16
DA:86,0
DA:87,0
DA:88,0
DA:90,0
DA:92,0
DA:93,0
DA:94,0
DA:95,0
DA:99,16
DA:106,1
DA:107,16
DA:108,16
DA:109,0
DA:111,16
LF:61
LH:33
BRDA:30,0,0,0
BRDA:51,1,0,1
BRDA:51,1,1,0
BRDA:51,2,0,0
BRDA:51,2,1,1
BRDA:51,3,0,1
BRDA:51,3,1,1
BRDA:62,4,0,1
BRDA:62,4,1,0
BRDA:79,5,0,0
BRDA:79,5,1,0
BRDA:108,6,0,0
BRF:12
BRH:5
end_of_record
TN:
SF:src/services/api/auth.ts
FN:29,(anonymous_0)
FN:34,(anonymous_1)
FN:39,(anonymous_2)
FN:43,(anonymous_3)
FN:48,(anonymous_4)
FNF:5
FNH:5
FNDA:1,(anonymous_0)
FNDA:1,(anonymous_1)
FNDA:1,(anonymous_2)
FNDA:1,(anonymous_3)
FNDA:1,(anonymous_4)
DA:1,1
DA:28,1
DA:30,1
DA:31,1
DA:35,1
DA:36,1
DA:40,1
DA:44,1
DA:45,1
DA:49,1
DA:50,1
LF:11
LH:11
BRF:0
BRH:0
end_of_record
TN:
SF:src/services/api/client.ts
FN:4,(anonymous_9)
FN:12,resetClient
FN:16,createApiClient
FN:28,(anonymous_12)
FN:48,(anonymous_13)
FN:49,(anonymous_14)
FN:71,getApiClient
FNF:7
FNH:7
FNDA:8,(anonymous_9)
FNDA:16,resetClient
FNDA:16,createApiClient
FNDA:3,(anonymous_12)
FNDA:1,(anonymous_13)
FNDA:6,(anonymous_14)
FNDA:1,getApiClient
DA:1,2
DA:3,2
DA:4,8
DA:5,8
DA:6,8
DA:10,2
DA:12,2
DA:13,16
DA:16,2
DA:17,16
DA:18,1
DA:21,15
DA:28,15
DA:29,3
DA:30,2
DA:33,3
DA:35,3
DA:36,3
DA:37,2
DA:38,1
DA:41,1
DA:44,3
DA:47,15
DA:48,1
DA:50,6
DA:51,4
DA:52,1
DA:53,1
DA:55,0
DA:57,1
DA:59,4
DA:64,2
DA:68,15
DA:71,2
DA:72,1
LF:35
LH:34
BRDA:17,0,0,1
BRDA:29,1,0,2
BRDA:37,2,0,1
BRDA:50,3,0,4
BRDA:51,4,0,1
BRDA:60,5,0,4
BRDA:60,5,1,1
BRDA:60,6,0,0
BRDA:60,6,1,4
BRDA:60,7,0,4
BRDA:60,7,1,4
BRDA:64,8,0,2
BRDA:64,8,1,0
BRF:13
BRH:11
end_of_record
